-------------------------------------------------------------------------------
Test set: com.shakhner.sensorRESTClient.SensorRestClientApplicationTests
-------------------------------------------------------------------------------
Tests run: 1, Failures: 0, Errors: 1, Skipped: 0, Time elapsed: 0.16 s <<< FAILURE! - in com.shakhner.sensorRESTClient.SensorRestClientApplicationTests
com.shakhner.sensorRESTClient.SensorRestClientApplicationTests  Time elapsed: 0.159 s  <<< ERROR!
java.lang.IllegalStateException: Unable to find a @SpringBootConfiguration, you need to use @ContextConfiguration or @SpringBootTest(classes=...) with your test

